
BOZAPERSONAL	Mon Aug 07 09:22:36 2017
	INET/INET_connect: getaddrinfo(E,3050) failed: Host desconocido. 


BOZAPERSONAL	Tue Aug 08 10:00:24 2017
	INET/INET_connect: getaddrinfo(E,3050) failed: Host desconocido. 


BOZAPERSONAL	Wed Aug 09 10:54:20 2017
	INET/INET_connect: getaddrinfo(E,3050) failed: Host desconocido. 


BOZAPERSONAL	Fri Aug 11 10:04:29 2017
	INET/INET_connect: getaddrinfo(E,3050) failed: Host desconocido. 


BOZAPERSONAL	Thu Aug 17 13:14:28 2017
	INET/INET_connect: getaddrinfo(E,3050) failed: Host desconocido. 


BOZAPERSONAL	Fri Aug 18 14:11:15 2017
	INET/INET_connect: getaddrinfo(E,3050) failed: Host desconocido. 


BOZAPERSONAL	Mon Aug 21 09:55:02 2017
	INET/INET_connect: getaddrinfo(E,3050) failed: Host desconocido. 


BOZAPERSONAL	Mon Aug 28 09:31:00 2017
	INET/INET_connect: getaddrinfo(E,3050) failed: Host desconocido. 


BOZAPERSONAL	Mon Aug 28 09:31:06 2017
	INET/INET_connect: getaddrinfo(E,3050) failed: Host desconocido. 


BOZAPERSONAL	Mon Aug 28 09:31:09 2017
	INET/INET_connect: getaddrinfo(E,3050) failed: Host desconocido. 


BOZAPERSONAL	Mon Aug 28 09:31:11 2017
	INET/INET_connect: getaddrinfo(E,3050) failed: Host desconocido. 


BOZAPERSONAL	Mon Aug 28 09:32:04 2017
	INET/INET_connect: getaddrinfo(E,3050) failed: Host desconocido. 


BOZAPERSONAL	Wed Aug 30 09:30:15 2017
	INET/INET_connect: getaddrinfo(E,3050) failed: Host desconocido. 


BOZAPERSONAL	Thu Sep 07 10:25:07 2017
	INET/INET_connect: getaddrinfo(E,3050) failed: Host desconocido. 


BOZAPERSONAL	Fri Sep 08 09:19:56 2017
	INET/INET_connect: getaddrinfo(E,3050) failed: Host desconocido. 


MSI	Thu Jan 03 21:24:06 2019
	INET/INET_connect: getaddrinfo(E,3050) failed: Host desconocido. 


MSI	Thu Jan 03 21:24:58 2019
	INET/INET_connect: getaddrinfo(E,3050) failed: Host desconocido. 


MSI	Thu Jan 03 21:26:02 2019
	INET/INET_connect: getaddrinfo(E,3050) failed: Host desconocido. 

